<?xml version="1.0" encoding="UTF-8"?>
<!-- Generated by org.testng.reporters.JUnitReportReporter -->
<testsuite name="com.test.SoftwareTesting.BrowserTesting" tests="1" time="16.808" ignored="0" failures="0" timestamp="16 Sep 2019 07:53:06 GMT" skipped="0" hostname="DESKTOP-6R9UGKN" errors="0">
  <testcase name="invokeBrowser" time="16.808" classname="com.test.SoftwareTesting.BrowserTesting"/>
</testsuite> <!-- com.test.SoftwareTesting.BrowserTesting -->
