<?xml version="1.0" encoding="UTF-8"?>
<!-- Generated by org.testng.reporters.JUnitReportReporter -->
<testsuite name="guru99.Assignment1" tests="1" time="12.752" ignored="0" failures="0" timestamp="17 Sep 2019 09:50:10 GMT" skipped="0" hostname="DESKTOP-6R9UGKN" errors="0">
  <testcase name="verifyLoginSection" time="12.752" classname="guru99.Assignment1"/>
</testsuite> <!-- guru99.Assignment1 -->
