<?xml version="1.0" encoding="UTF-8"?>
<!-- Generated by org.testng.reporters.JUnitReportReporter -->
<testsuite name="guru99.Assignment1" tests="1" time="17.440" ignored="0" failures="0" timestamp="16 Sep 2019 12:03:11 GMT" skipped="0" hostname="DESKTOP-6R9UGKN" errors="0">
  <testcase name="verifyLoginSection" time="17.440" classname="guru99.Assignment1"/>
</testsuite> <!-- guru99.Assignment1 -->
