<?xml version="1.0" encoding="UTF-8"?>
<!-- Generated by org.testng.reporters.JUnitReportReporter -->
<testsuite name="GoogleSearchPageTest" tests="1" time="7.968" ignored="1" failures="0" timestamp="16 Sep 2019 14:59:14 GMT" skipped="0" hostname="DESKTOP-6R9UGKN" errors="0">
  <testcase name="googleSearchTest" time="7.968" classname="GoogleSearchPageTest"/>
  <testcase name="main" classname="GoogleSearchPageTest">
    <skipped/>
  </testcase> <!-- main -->
</testsuite> <!-- GoogleSearchPageTest -->
