<?xml version="1.0" encoding="UTF-8"?>
<!-- Generated by org.testng.reporters.JUnitReportReporter -->
<testsuite name="com.test.SoftwareTesting.BrowserTesting" tests="1" time="31.227" ignored="0" failures="0" timestamp="17 Sep 2019 09:50:10 GMT" skipped="0" hostname="DESKTOP-6R9UGKN" errors="0">
  <testcase name="invokeBrowser" time="31.227" classname="com.test.SoftwareTesting.BrowserTesting"/>
</testsuite> <!-- com.test.SoftwareTesting.BrowserTesting -->
